error: undefined
error: undefined {"_message":"products validation failed","errors":{"category":{"kind":"required","message":"Path `category` is required.","name":"ValidatorError","path":"category","properties":{"message":"Path `category` is required.","path":"category","type":"required"}},"code":{"kind":"required","message":"Path `code` is required.","name":"ValidatorError","path":"code","properties":{"message":"Path `code` is required.","path":"code","type":"required"}},"description":{"kind":"required","message":"Path `description` is required.","name":"ValidatorError","path":"description","properties":{"message":"Path `description` is required.","path":"description","type":"required"}},"price":{"kind":"required","message":"Path `price` is required.","name":"ValidatorError","path":"price","properties":{"message":"Path `price` is required.","path":"price","type":"required"}},"stock":{"kind":"required","message":"Path `stock` is required.","name":"ValidatorError","path":"stock","properties":{"message":"Path `stock` is required.","path":"stock","type":"required"}},"title":{"kind":"string","message":"Cast to string failed for value \"{\n  title: 'Test',\n  description: 'Test Product',\n  code: 'TEST',\n  price: 1000,\n  stock: 5,\n  category: 'Test Category',\n  thumbnail: './img/hacha.jpg'\n}\" (type Object) at path \"title\"","name":"CastError","path":"title","reason":null,"stringValue":"\"{\n  title: 'Test',\n  description: 'Test Product',\n  code: 'TEST',\n  price: 1000,\n  stock: 5,\n  category: 'Test Category',\n  thumbnail: './img/hacha.jpg'\n}\"","value":{"category":"Test Category","code":"TEST","description":"Test Product","price":1000,"stock":5,"thumbnail":"./img/hacha.jpg","title":"Test"},"valueType":"Object"}}}
error: Error con el , no existe
error: undefined
error: undefined
error: undefined
error: undefined
error: undefined
error: undefined
error: undefined
error: undefined
error: undefined
error: undefined
error: undefined
error: undefined
error: undefined
error: undefined
error: undefined
error: undefined
error: undefined
error: undefined
error: undefined
error: undefined
error: undefined
error: undefined
error: undefined
error: undefined
error: undefined
error: undefined
error: undefined
error: undefined
error: undefined
error: undefined
error: undefined
error: undefined
error: undefined
error: undefined
error: undefined
error: undefined
error: undefined
error: undefined
error: undefined
error: undefined
error: Error con el :64906850fa886ebbabd697cb, no existe
error: undefined {"address":"::","code":"EADDRINUSE","errno":-4091,"port":8080,"syscall":"listen"}
error: undefined
error: undefined
error: undefined
error: undefined
error: undefined
error: undefined
error: undefined
error: undefined {"kind":"ObjectId","path":"_id","reason":{},"stringValue":"\"upload\"","value":"upload","valueType":"string"}
error: undefined
error: undefined {"kind":"ObjectId","path":"_id","reason":{},"stringValue":"\"magulaco@gmail.com\"","value":"magulaco@gmail.com","valueType":"string"}
error: undefined
error: undefined
error: undefined
error: undefined
error: undefined
error: undefined
error: undefined
error: undefined
error: undefined
error: undefined
error: undefined
error: undefined
error: undefined
error: undefined
error: undefined
error: undefined
error: undefined
error: undefined
error: undefined
error: undefined
error: undefined
error: undefined
error: undefined
error: undefined
error: undefined
error: undefined
error: undefined
error: undefined
error: undefined
error: undefined
error: undefined
error: undefined
error: undefined
error: undefined
error: undefined
error: undefined
error: undefined
error: undefined
error: undefined
error: undefined {"kind":"ObjectId","path":"_id","reason":{},"stringValue":"\"magulaco@gmail.com\"","value":"magulaco@gmail.com","valueType":"string"}
error: undefined {"kind":"ObjectId","path":"_id","reason":{},"stringValue":"\"magulaco@gmail.com\"","value":"magulaco@gmail.com","valueType":"string"}
error: undefined
error: undefined
error: undefined
error: undefined
error: undefined
error: undefined
error: undefined
error: undefined
error: undefined
error: connect ETIMEDOUT 35.199.93.83:27017 {"reason":{"commonWireVersion":0,"compatible":true,"heartbeatFrequencyMS":10000,"localThresholdMS":15,"logicalSessionTimeoutMinutes":30,"maxElectionId":null,"maxSetVersion":null,"servers":{},"setName":"atlas-zdb6zm-shard-0","stale":false,"type":"ReplicaSetNoPrimary"}}
error: connect ETIMEDOUT 35.199.93.83:27017 {"reason":{"commonWireVersion":0,"compatible":true,"heartbeatFrequencyMS":10000,"localThresholdMS":15,"logicalSessionTimeoutMinutes":30,"maxElectionId":null,"maxSetVersion":null,"servers":{},"setName":"atlas-zdb6zm-shard-0","stale":false,"type":"ReplicaSetNoPrimary"}}
error: connect ETIMEDOUT 35.199.93.83:27017 {"reason":{"commonWireVersion":0,"compatible":true,"heartbeatFrequencyMS":10000,"localThresholdMS":15,"logicalSessionTimeoutMinutes":30,"maxElectionId":null,"maxSetVersion":null,"servers":{},"setName":"atlas-zdb6zm-shard-0","stale":false,"type":"ReplicaSetNoPrimary"}}
error: connect ETIMEDOUT 35.199.93.83:27017 {"reason":{"commonWireVersion":0,"compatible":true,"heartbeatFrequencyMS":10000,"localThresholdMS":15,"logicalSessionTimeoutMinutes":30,"maxElectionId":null,"maxSetVersion":null,"servers":{},"setName":"atlas-zdb6zm-shard-0","stale":false,"type":"ReplicaSetNoPrimary"}}
error: undefined
error: undefined
error: undefined
error: undefined
error: undefined
error: connect ETIMEDOUT 35.199.93.83:27017 {"reason":{"commonWireVersion":0,"compatible":true,"heartbeatFrequencyMS":10000,"localThresholdMS":15,"logicalSessionTimeoutMinutes":30,"maxElectionId":null,"maxSetVersion":null,"servers":{},"setName":"atlas-zdb6zm-shard-0","stale":false,"type":"ReplicaSetNoPrimary"}}
error: connect ETIMEDOUT 35.199.93.83:27017 {"reason":{"commonWireVersion":0,"compatible":true,"heartbeatFrequencyMS":10000,"localThresholdMS":15,"logicalSessionTimeoutMinutes":30,"maxElectionId":null,"maxSetVersion":null,"servers":{},"setName":"atlas-zdb6zm-shard-0","stale":false,"type":"ReplicaSetNoPrimary"}}
error: undefined
error: undefined
error: undefined
error: undefined
error: undefined
error: undefined
error: undefined
error: undefined
error: req.logger.warn is not a function
error: undefined {"kind":"ObjectId","path":"_id","reason":{},"stringValue":"\"magulaco@gmail.com\"","value":"magulaco@gmail.com","valueType":"string"}
error: undefined
error: undefined
error: undefined
error: undefined
error: undefined
error: undefined
error: undefined
error: undefined
error: undefined
error: undefined
error: undefined
error: undefined
error: undefined
error: undefined
error: undefined
error: undefined
error: undefined
error: undefined
error: undefined
error: undefined
error: undefined
error: undefined {"kind":"ObjectId","path":"_id","reason":{},"stringValue":"\"magulaco@gmail.com\"","value":"magulaco@gmail.com","valueType":"string"}
error: undefined {"kind":"ObjectId","path":"_id","reason":{},"stringValue":"\"magulaco@gmail.com\"","value":"magulaco@gmail.com","valueType":"string"}
error: undefined {"kind":"ObjectId","path":"_id","reason":{},"stringValue":"\"magulaco@gmail.com\"","value":"magulaco@gmail.com","valueType":"string"}
error: undefined {"kind":"ObjectId","path":"_id","reason":{},"stringValue":"\"magulaco@gmail.com\"","value":"magulaco@gmail.com","valueType":"string"}
error: undefined {"kind":"ObjectId","path":"_id","reason":{},"stringValue":"\"magulaco@gmail.com\"","value":"magulaco@gmail.com","valueType":"string"}
error: undefined {"kind":"ObjectId","path":"_id","reason":{},"stringValue":"\"magulaco@gmail.com\"","value":"magulaco@gmail.com","valueType":"string"}
error: undefined {"kind":"ObjectId","path":"_id","reason":{},"stringValue":"\"magulaco@gmail.com\"","value":"magulaco@gmail.com","valueType":"string"}
error: undefined {"kind":"ObjectId","path":"_id","reason":{},"stringValue":"\"magulaco@gmail.com\"","value":"magulaco@gmail.com","valueType":"string"}
error: undefined {"kind":"ObjectId","path":"_id","reason":{},"stringValue":"\"magulaco@gmail.com\"","value":"magulaco@gmail.com","valueType":"string"}
error: undefined
error: undefined {"kind":"ObjectId","path":"_id","reason":{},"stringValue":"\"magulaco@gmail.com\"","value":"magulaco@gmail.com","valueType":"string"}
error: Error con el , no existe
error: Error con el , no existe
error: undefined {"kind":"ObjectId","path":"_id","reason":{},"stringValue":"\"magulaco@gmail.com\"","value":"magulaco@gmail.com","valueType":"string"}
error: undefined {"kind":"ObjectId","path":"_id","reason":{},"stringValue":"\"magulaco@gmail.com\"","value":"magulaco@gmail.com","valueType":"string"}
error: Cannot read properties of null (reading 'role')
error: Error con el , no existe
error: undefined {"kind":"ObjectId","path":"_id","reason":{},"stringValue":"\"magulaco@gmail.com\"","value":"magulaco@gmail.com","valueType":"string"}
error: undefined {"kind":"ObjectId","path":"_id","reason":{},"stringValue":"\"magulaco@gmail.com\"","value":"magulaco@gmail.com","valueType":"string"}
error: undefined {"kind":"ObjectId","path":"_id","reason":{},"stringValue":"\"magulaco@gmail.com\"","value":"magulaco@gmail.com","valueType":"string"}
error: undefined
error: undefined {"kind":"ObjectId","path":"_id","reason":{},"stringValue":"\"magulaco@gmail.com\"","value":"magulaco@gmail.com","valueType":"string"}
error: undefined {"kind":"ObjectId","path":"_id","reason":{},"stringValue":"\"magulaco@gmail.com\"","value":"magulaco@gmail.com","valueType":"string"}
error: undefined
error: undefined
error: undefined
error: undefined {"kind":"ObjectId","path":"_id","reason":{},"stringValue":"\"magulaco@gmail.com\"","value":"magulaco@gmail.com","valueType":"string"}
error: undefined
error: Error con el , no existe
error: Error con el , no existe
error: Error con el , no existe
error: Error con el , no existe
error: Error con el , no existe
error: Error con el , no existe
error: Error con el , no existe
error: undefined {"kind":"ObjectId","path":"_id","reason":{},"stringValue":"\"magulaco@gmail.com\"","value":"magulaco@gmail.com","valueType":"string"}
error: undefined {"kind":"ObjectId","path":"_id","reason":{},"stringValue":"\"magulaco@gmail.com\"","value":"magulaco@gmail.com","valueType":"string"}
error: undefined {"kind":"ObjectId","path":"_id","reason":{},"stringValue":"\"magulaco@gmail.com\"","value":"magulaco@gmail.com","valueType":"string"}
error: undefined {"kind":"ObjectId","path":"_id","reason":{},"stringValue":"\"magulaco@gmail.com\"","value":"magulaco@gmail.com","valueType":"string"}
error: undefined {"kind":"ObjectId","path":"_id","reason":{},"stringValue":"\"magulaco@gmail.com\"","value":"magulaco@gmail.com","valueType":"string"}
error: undefined {"kind":"ObjectId","path":"_id","reason":{},"stringValue":"\"magulaco@gmail.com\"","value":"magulaco@gmail.com","valueType":"string"}
error: undefined
error: undefined
error: undefined
error: Error con el , no existe
error: undefined
error: undefined
error: undefined
error: undefined
error: undefined
error: undefined
error: undefined
error: undefined
error: undefined
error: undefined
error: undefined
error: Error con el , no existe
error: undefined {"code":8000,"codeName":"AtlasError","connectionGeneration":0,"ok":0}
error: undefined {"kind":"ObjectId","path":"_id","reason":{},"stringValue":"\"magulaco@gmail.com\"","value":"magulaco@gmail.com","valueType":"string"}
error: undefined {"kind":"ObjectId","path":"_id","reason":{},"stringValue":"\"magulaco@gmail.com\"","value":"magulaco@gmail.com","valueType":"string"}
error: Error con el , no existe
error: undefined {"kind":"ObjectId","path":"_id","reason":{},"stringValue":"\"magulaco@gmail.com\"","value":"magulaco@gmail.com","valueType":"string"}
error: undefined {"kind":"ObjectId","path":"_id","reason":{},"stringValue":"\"magulaco@hotmail.com\"","value":"magulaco@hotmail.com","valueType":"string"}
error: undefined {"kind":"ObjectId","path":"_id","reason":{},"stringValue":"\"magulaco@hotmail.com\"","value":"magulaco@hotmail.com","valueType":"string"}
error: undefined
error: undefined
error: undefined
error: undefined
error: undefined {"kind":"ObjectId","path":"_id","reason":{},"stringValue":"\"magulaco@gmail.com\"","value":"magulaco@gmail.com","valueType":"string"}
error: undefined {"kind":"ObjectId","path":"_id","reason":{},"stringValue":"\"adminCoder@coder.com\"","value":"adminCoder@coder.com","valueType":"string"}
error: undefined
error: undefined {"kind":"ObjectId","path":"_id","reason":{},"stringValue":"\"magulaco@gmail.com\"","value":"magulaco@gmail.com","valueType":"string"}
error: undefined {"kind":"ObjectId","path":"_id","reason":{},"stringValue":"\"magulaco@gmail.com\"","value":"magulaco@gmail.com","valueType":"string"}
error: undefined {"kind":"ObjectId","path":"_id","reason":{},"stringValue":"\"magulaco@gmail.com\"","value":"magulaco@gmail.com","valueType":"string"}
error: undefined {"kind":"ObjectId","path":"_id","reason":{},"stringValue":"\"magulaco@gmail.com\"","value":"magulaco@gmail.com","valueType":"string"}
error: undefined {"kind":"ObjectId","path":"_id","reason":{},"stringValue":"\"magulaco@gmail.com\"","value":"magulaco@gmail.com","valueType":"string"}
error: undefined {"kind":"ObjectId","path":"_id","reason":{},"stringValue":"\"magulaco@gmail.com\"","value":"magulaco@gmail.com","valueType":"string"}
error: undefined {"kind":"ObjectId","path":"_id","reason":{},"stringValue":"\"magulaco@gmail.com\"","value":"magulaco@gmail.com","valueType":"string"}
error: undefined {"kind":"ObjectId","path":"_id","reason":{},"stringValue":"\"adminCoder@coder.com\"","value":"adminCoder@coder.com","valueType":"string"}
error: undefined {"kind":"ObjectId","path":"_id","reason":{},"stringValue":"\"adminCoder@coder.com\"","value":"adminCoder@coder.com","valueType":"string"}
error: undefined {"kind":"ObjectId","path":"_id","reason":{},"stringValue":"\"adminCoder@coder.com\"","value":"adminCoder@coder.com","valueType":"string"}
error: undefined {"kind":"ObjectId","path":"_id","reason":{},"stringValue":"\"adminCoder@coder.com\"","value":"adminCoder@coder.com","valueType":"string"}
error: undefined {"kind":"ObjectId","path":"_id","reason":{},"stringValue":"\"adminCoder@coder.com\"","value":"adminCoder@coder.com","valueType":"string"}
error: undefined {"kind":"ObjectId","path":"_id","reason":{},"stringValue":"\"adminCoder@coder.com\"","value":"adminCoder@coder.com","valueType":"string"}
error: undefined {"kind":"ObjectId","path":"_id","reason":{},"stringValue":"\"magulaco@hotmail.com\"","value":"magulaco@hotmail.com","valueType":"string"}
error: undefined {"kind":"ObjectId","path":"_id","reason":{},"stringValue":"\"adminCoder@coder.com\"","value":"adminCoder@coder.com","valueType":"string"}
error: undefined {"kind":"ObjectId","path":"_id","reason":{},"stringValue":"\"adminCoder@coder.com\"","value":"adminCoder@coder.com","valueType":"string"}
error: Error con el , no existe
error: Error con el , no existe
error: undefined {"headers":{"access-control-allow-credentials":"true","access-control-allow-methods":"GET,HEAD,PUT,PATCH,POST,DELETE","access-control-allow-origin":"*","access-control-expose-headers":"Request-Id, Stripe-Manage-Version, X-Stripe-External-Auth-Required, X-Stripe-Privileged-Session-Required","access-control-max-age":"300","cache-control":"no-cache, no-store","connection":"keep-alive","content-length":"215","content-security-policy-report-only":"report-uri /csp-report?p=v1%2Fcheckout%2Fsessions; block-all-mixed-content; default-src 'none'; base-uri 'none'; form-action 'none'; frame-ancestors 'none'; img-src 'self'; script-src 'self' 'report-sample'; style-src 'self'","content-type":"application/json","date":"Fri, 13 Oct 2023 15:42:40 GMT","idempotency-key":"stripe-node-retry-9ce6f13b-498b-4c9f-ad3b-39052fff9a30","original-request":"req_NipTVjwKGBoH4M","request-id":"req_NipTVjwKGBoH4M","server":"nginx","strict-transport-security":"max-age=63072000; includeSubDomains; preload","stripe-should-retry":"false","stripe-version":"2023-08-16","vary":"Origin","x-stripe-routing-context-priority-tier":"api-testmode"},"raw":{"headers":{"access-control-allow-credentials":"true","access-control-allow-methods":"GET,HEAD,PUT,PATCH,POST,DELETE","access-control-allow-origin":"*","access-control-expose-headers":"Request-Id, Stripe-Manage-Version, X-Stripe-External-Auth-Required, X-Stripe-Privileged-Session-Required","access-control-max-age":"300","cache-control":"no-cache, no-store","connection":"keep-alive","content-length":"215","content-security-policy-report-only":"report-uri /csp-report?p=v1%2Fcheckout%2Fsessions; block-all-mixed-content; default-src 'none'; base-uri 'none'; form-action 'none'; frame-ancestors 'none'; img-src 'self'; script-src 'self' 'report-sample'; style-src 'self'","content-type":"application/json","date":"Fri, 13 Oct 2023 15:42:40 GMT","idempotency-key":"stripe-node-retry-9ce6f13b-498b-4c9f-ad3b-39052fff9a30","original-request":"req_NipTVjwKGBoH4M","request-id":"req_NipTVjwKGBoH4M","server":"nginx","strict-transport-security":"max-age=63072000; includeSubDomains; preload","stripe-should-retry":"false","stripe-version":"2023-08-16","vary":"Origin","x-stripe-routing-context-priority-tier":"api-testmode"},"message":"You must provide `mode` when using prices.","requestId":"req_NipTVjwKGBoH4M","request_log_url":"https://dashboard.stripe.com/test/logs/req_NipTVjwKGBoH4M?t=1697211760","statusCode":400,"type":"invalid_request_error"},"rawType":"invalid_request_error","requestId":"req_NipTVjwKGBoH4M","statusCode":400,"type":"StripeInvalidRequestError"}
error: undefined
error: undefined
error: undefined
error: undefined
error: undefined
error: undefined
error: undefined
error: undefined
error: undefined
error: undefined {"kind":"ObjectId","path":"_id","reason":{},"stringValue":"\"adminCoder@coder.com\"","value":"adminCoder@coder.com","valueType":"string"}
error: undefined {"kind":"ObjectId","path":"_id","reason":{},"stringValue":"\"adminCoder@coder.com\"","value":"adminCoder@coder.com","valueType":"string"}
error: undefined {"kind":"ObjectId","path":"_id","reason":{},"stringValue":"\"magulaco@gmail.com\"","value":"magulaco@gmail.com","valueType":"string"}
error: undefined {"kind":"ObjectId","path":"_id","reason":{},"stringValue":"\"adminCoder@coder.com\"","value":"adminCoder@coder.com","valueType":"string"}
error: undefined
error: undefined
error: undefined
error: undefined
error: undefined
error: undefined
error: undefined
error: undefined
error: undefined
error: undefined
error: undefined
error: undefined
error: undefined
error: undefined
error: undefined
error: undefined
error: undefined
error: undefined
error: undefined
error: undefined
error: undefined
error: undefined
error: undefined
error: undefined
error: undefined
error: undefined
error: undefined
error: undefined
error: undefined
error: undefined
error: undefined
error: undefined
error: undefined
error: undefined
error: undefined
error: undefined
error: undefined
error: undefined
error: undefined
error: undefined
error: undefined
error: undefined
error: undefined
error: undefined
error: undefined
error: undefined
error: undefined
error: undefined
error: undefined
error: undefined
error: undefined {"kind":"ObjectId","path":"_id","reason":{},"stringValue":"\"adminCoder@coder.com\"","value":"adminCoder@coder.com","valueType":"string"}
error: undefined {"kind":"ObjectId","path":"_id","reason":{},"stringValue":"\"adminCoder@coder.com\"","value":"adminCoder@coder.com","valueType":"string"}
error: undefined {"kind":"ObjectId","path":"_id","reason":{},"stringValue":"\"adminCoder@coder.com\"","value":"adminCoder@coder.com","valueType":"string"}
error: undefined {"kind":"ObjectId","path":"_id","reason":{},"stringValue":"\"adminCoder@coder.com\"","value":"adminCoder@coder.com","valueType":"string"}
error: undefined {"kind":"ObjectId","path":"_id","reason":{},"stringValue":"\"adminCoder@coder.com\"","value":"adminCoder@coder.com","valueType":"string"}
error: undefined {"kind":"ObjectId","path":"_id","reason":{},"stringValue":"\"adminCoder@coder.com\"","value":"adminCoder@coder.com","valueType":"string"}
error: undefined {"kind":"ObjectId","path":"_id","reason":{},"stringValue":"\"adminCoder@coder.com\"","value":"adminCoder@coder.com","valueType":"string"}
error: undefined {"kind":"ObjectId","path":"_id","reason":{},"stringValue":"\"adminCoder@coder.com\"","value":"adminCoder@coder.com","valueType":"string"}
error: undefined {"kind":"ObjectId","path":"_id","reason":{},"stringValue":"\"adminCoder@coder.com\"","value":"adminCoder@coder.com","valueType":"string"}
error: undefined {"kind":"ObjectId","path":"_id","reason":{},"stringValue":"\"adminCoder@coder.com\"","value":"adminCoder@coder.com","valueType":"string"}
error: undefined {"kind":"ObjectId","path":"_id","reason":{},"stringValue":"\"adminCoder@coder.com\"","value":"adminCoder@coder.com","valueType":"string"}
error: undefined {"kind":"ObjectId","path":"_id","reason":{},"stringValue":"\"adminCoder@coder.com\"","value":"adminCoder@coder.com","valueType":"string"}
error: undefined {"kind":"ObjectId","path":"_id","reason":{},"stringValue":"\"adminCoder@coder.com\"","value":"adminCoder@coder.com","valueType":"string"}
error: undefined {"kind":"ObjectId","path":"_id","reason":{},"stringValue":"\"adminCoder@coder.com\"","value":"adminCoder@coder.com","valueType":"string"}
error: undefined {"kind":"ObjectId","path":"_id","reason":{},"stringValue":"\"adminCoder@coder.com\"","value":"adminCoder@coder.com","valueType":"string"}
error: undefined {"kind":"ObjectId","path":"_id","reason":{},"stringValue":"\"magulaco@gmail.com\"","value":"magulaco@gmail.com","valueType":"string"}
error: undefined {"kind":"ObjectId","path":"_id","reason":{},"stringValue":"\"magulaco@gmail.com\"","value":"magulaco@gmail.com","valueType":"string"}
error: undefined {"kind":"ObjectId","path":"_id","reason":{},"stringValue":"\"magulaco@gmail.com\"","value":"magulaco@gmail.com","valueType":"string"}
error: undefined {"kind":"ObjectId","path":"_id","reason":{},"stringValue":"\"magulaco@gmail.com\"","value":"magulaco@gmail.com","valueType":"string"}
error: undefined {"kind":"ObjectId","path":"_id","reason":{},"stringValue":"\"magulaco@gmail.com\"","value":"magulaco@gmail.com","valueType":"string"}
error: undefined {"kind":"ObjectId","path":"_id","reason":{},"stringValue":"\"magulaco@gmail.com\"","value":"magulaco@gmail.com","valueType":"string"}
error: undefined {"kind":"ObjectId","path":"_id","reason":{},"stringValue":"\"magulaco@gmail.com\"","value":"magulaco@gmail.com","valueType":"string"}
error: undefined {"kind":"ObjectId","path":"_id","reason":{},"stringValue":"\"magulaco@gmail.com\"","value":"magulaco@gmail.com","valueType":"string"}
error: undefined {"kind":"ObjectId","path":"_id","reason":{},"stringValue":"\"magulaco@gmail.com\"","value":"magulaco@gmail.com","valueType":"string"}
error: undefined {"kind":"ObjectId","path":"_id","reason":{},"stringValue":"\"magulaco@gmail.com\"","value":"magulaco@gmail.com","valueType":"string"}
error: undefined {"kind":"ObjectId","path":"_id","reason":{},"stringValue":"\"magulaco@gmail.com\"","value":"magulaco@gmail.com","valueType":"string"}
error: undefined {"kind":"ObjectId","path":"_id","reason":{},"stringValue":"\"magulaco@gmail.com\"","value":"magulaco@gmail.com","valueType":"string"}
error: undefined {"kind":"ObjectId","path":"_id","reason":{},"stringValue":"\"magulaco@gmail.com\"","value":"magulaco@gmail.com","valueType":"string"}
error: undefined {"kind":"ObjectId","path":"_id","reason":{},"stringValue":"\"magulaco@gmail.com\"","value":"magulaco@gmail.com","valueType":"string"}
error: undefined {"kind":"ObjectId","path":"_id","reason":{},"stringValue":"\"magulaco@gmail.com\"","value":"magulaco@gmail.com","valueType":"string"}
error: undefined {"kind":"ObjectId","path":"_id","reason":{},"stringValue":"\"magulaco@gmail.com\"","value":"magulaco@gmail.com","valueType":"string"}
error: undefined {"kind":"ObjectId","path":"_id","reason":{},"stringValue":"\"magulaco@gmail.com\"","value":"magulaco@gmail.com","valueType":"string"}
error: undefined {"kind":"ObjectId","path":"_id","reason":{},"stringValue":"\"magulaco@gmail.com\"","value":"magulaco@gmail.com","valueType":"string"}
error: undefined {"kind":"ObjectId","path":"_id","reason":{},"stringValue":"\"magulaco@gmail.com\"","value":"magulaco@gmail.com","valueType":"string"}
error: undefined {"kind":"ObjectId","path":"_id","reason":{},"stringValue":"\"magulaco@gmail.com\"","value":"magulaco@gmail.com","valueType":"string"}
error: undefined {"kind":"ObjectId","path":"_id","reason":{},"stringValue":"\"magulaco@gmail.com\"","value":"magulaco@gmail.com","valueType":"string"}
error: undefined {"kind":"ObjectId","path":"_id","reason":{},"stringValue":"\"magulaco@gmail.com\"","value":"magulaco@gmail.com","valueType":"string"}
error: undefined {"kind":"ObjectId","path":"_id","reason":{},"stringValue":"\"magulaco@gmail.com\"","value":"magulaco@gmail.com","valueType":"string"}
error: undefined {"kind":"ObjectId","path":"_id","reason":{},"stringValue":"\"magulaco@gmail.com\"","value":"magulaco@gmail.com","valueType":"string"}
error: undefined {"kind":"ObjectId","path":"_id","reason":{},"stringValue":"\"magulaco@gmail.com\"","value":"magulaco@gmail.com","valueType":"string"}
error: undefined {"kind":"ObjectId","path":"_id","reason":{},"stringValue":"\"magulaco@gmail.com\"","value":"magulaco@gmail.com","valueType":"string"}
error: undefined {"kind":"ObjectId","path":"_id","reason":{},"stringValue":"\"magulaco@gmail.com\"","value":"magulaco@gmail.com","valueType":"string"}
error: undefined {"kind":"ObjectId","path":"_id","reason":{},"stringValue":"\"magulaco@gmail.com\"","value":"magulaco@gmail.com","valueType":"string"}
error: undefined {"kind":"ObjectId","path":"_id","reason":{},"stringValue":"\"magulaco@gmail.com\"","value":"magulaco@gmail.com","valueType":"string"}
error: undefined {"kind":"ObjectId","path":"_id","reason":{},"stringValue":"\"magulaco@gmail.com\"","value":"magulaco@gmail.com","valueType":"string"}
error: undefined {"kind":"ObjectId","path":"_id","reason":{},"stringValue":"\"magulaco@gmail.com\"","value":"magulaco@gmail.com","valueType":"string"}
error: undefined {"kind":"ObjectId","path":"_id","reason":{},"stringValue":"\"adminCoder@coder.com\"","value":"adminCoder@coder.com","valueType":"string"}
error: undefined
error: undefined
