error: undefined
error: undefined
error: undefined
error: undefined
error: undefined
error: undefined
error: undefined
error: undefined
error: undefined {"_message":"products validation failed","errors":{"owner":{"kind":"ObjectId","message":"Cast to ObjectId failed for value \"admin\" (type string) at path \"owner\" because of \"BSONError\"","name":"CastError","path":"owner","reason":{},"stringValue":"\"admin\"","value":"admin","valueType":"string"}}}
error: undefined {"_message":"products validation failed","errors":{"owner":{"kind":"ObjectId","message":"Cast to ObjectId failed for value \"admin\" (type string) at path \"owner\" because of \"BSONError\"","name":"CastError","path":"owner","reason":{},"stringValue":"\"admin\"","value":"admin","valueType":"string"}}}
error: undefined {"_message":"products validation failed","errors":{"owner":{"kind":"ObjectId","message":"Cast to ObjectId failed for value \"admin\" (type string) at path \"owner\" because of \"BSONError\"","name":"CastError","path":"owner","reason":{},"stringValue":"\"admin\"","value":"admin","valueType":"string"}}}
error: undefined {"_message":"products validation failed","errors":{"owner":{"kind":"ObjectId","message":"Cast to ObjectId failed for value \"admin\" (type string) at path \"owner\" because of \"BSONError\"","name":"CastError","path":"owner","reason":{},"stringValue":"\"admin\"","value":"admin","valueType":"string"}}}
error: undefined {"_message":"products validation failed","errors":{"owner":{"kind":"ObjectId","message":"Cast to ObjectId failed for value \"admin\" (type string) at path \"owner\" because of \"BSONError\"","name":"CastError","path":"owner","reason":{},"stringValue":"\"admin\"","value":"admin","valueType":"string"}}}
error: undefined
error: undefined
error: undefined
error: undefined
error: undefined
error: undefined
error: true
error: undefined
error: [object Object]
error: [object Object]
error: [object Object]
error: [object Object]
error: [object Object]
error: [object Object]
error: [object Object]
error: [object Object]
error: [object Object]
error: [object Object]
error: [object Object]
error: undefined
error: undefined
error: undefined {"kind":"string","path":"email","reason":null,"stringValue":"\"{ uid: '64dee532d905e382236e037c' }\"","value":{"uid":"64dee532d905e382236e037c"},"valueType":"Object"}
error: undefined
error: undefined {"kind":"ObjectId","path":"_id","reason":{},"stringValue":"\"magulaco@gmail.com\"","value":"magulaco@gmail.com","valueType":"string"}
error: undefined {"kind":"ObjectId","path":"_id","reason":{},"stringValue":"\"magulaco@gmail.com\"","value":"magulaco@gmail.com","valueType":"string"}
error: undefined {"kind":"ObjectId","path":"_id","reason":{},"stringValue":"\"mikelito@gmail.com\"","value":"mikelito@gmail.com","valueType":"string"}
error: undefined {"kind":"ObjectId","path":"_id","reason":{},"stringValue":"\"mikelito@gmail.com\"","value":"mikelito@gmail.com","valueType":"string"}
error: undefined {"kind":"ObjectId","path":"_id","reason":{},"stringValue":"\"mikelito@gmail.com\"","value":"mikelito@gmail.com","valueType":"string"}
error: undefined {"kind":"ObjectId","path":"_id","reason":{},"stringValue":"\"mikelito@gmail.com\"","value":"mikelito@gmail.com","valueType":"string"}
error: undefined {"kind":"ObjectId","path":"_id","reason":{},"stringValue":"\"mikelito@gmail.com\"","value":"mikelito@gmail.com","valueType":"string"}
error: undefined {"kind":"ObjectId","path":"_id","reason":{},"stringValue":"\"mikelito@gmail.com\"","value":"mikelito@gmail.com","valueType":"string"}
error: undefined {"kind":"ObjectId","path":"_id","reason":{},"stringValue":"\"mikelito@gmail.com\"","value":"mikelito@gmail.com","valueType":"string"}
error: undefined {"kind":"ObjectId","path":"_id","reason":{},"stringValue":"\"mikelito@gmail.com\"","value":"mikelito@gmail.com","valueType":"string"}
error: undefined {"kind":"ObjectId","path":"_id","reason":{},"stringValue":"\"mikelito@gmail.com\"","value":"mikelito@gmail.com","valueType":"string"}
error: undefined {"kind":"ObjectId","path":"_id","reason":{},"stringValue":"\"mikelito@gmail.com\"","value":"mikelito@gmail.com","valueType":"string"}
error: undefined
error: undefined
error: undefined
error: undefined
error: undefined
error: undefined
error: undefined
error: undefined
error: undefined
error: undefined
error: undefined
error: undefined
error: undefined
error: undefined
error: undefined
error: undefined
error: undefined
error: undefined
error: undefined
error: undefined
error: undefined
error: undefined
error: undefined
error: undefined
error: Error con el [object Object], no existe
error: undefined
error: Error con el [object Object], no existe
error: undefined
error: Error con el [object Object], no existe
error: undefined
error: Error con el [object Object], no existe
error: undefined
error: Error con el [object Object], no existe
error: undefined
error: undefined
error: undefined
error: undefined
error: undefined
error: Error con el [object Object], no existe
error: Error con el {pid}, no existe
error: Error con el {pid}, no existe
